<?xml version="1.0" encoding="utf-8"?><testsuites name="pytest tests"><testsuite name="pytest" errors="0" failures="0" skipped="0" tests="28" time="11.927" timestamp="2026-04-20T07:21:23.316332+00:00" hostname="agent-env-4e438b69-d395-4ffb-befe-8eb03a57a7d1"><testcase classname="backend.tests.test_unmute_backend.TestHealth" name="test_root" time="0.131" /><testcase classname="backend.tests.test_unmute_backend.TestHealth" name="test_subjects" time="0.046" /><testcase classname="backend.tests.test_unmute_backend.TestAuth" name="test_login_student" time="0.268" /><testcase classname="backend.tests.test_unmute_backend.TestAuth" name="test_login_teacher" time="0.270" /><testcase classname="backend.tests.test_unmute_backend.TestAuth" name="test_login_bad_credentials" time="0.267" /><testcase classname="backend.tests.test_unmute_backend.TestAuth" name="test_me_with_bearer" time="0.317" /><testcase classname="backend.tests.test_unmute_backend.TestAuth" name="test_me_without_token" time="0.100" /><testcase classname="backend.tests.test_unmute_backend.TestAuth" name="test_register_student_assigns_handle" time="0.277" /><testcase classname="backend.tests.test_unmute_backend.TestAuth" name="test_register_teacher_keeps_subjects" time="0.270" /><testcase classname="backend.tests.test_unmute_backend.TestAuth" name="test_register_duplicate" time="0.044" /><testcase classname="backend.tests.test_unmute_backend.TestQuestions" name="test_ask_routes_to_teacher" time="1.711" /><testcase classname="backend.tests.test_unmute_backend.TestQuestions" name="test_ask_invalid_subject" time="0.045" /><testcase classname="backend.tests.test_unmute_backend.TestQuestions" name="test_feed_public" time="0.055" /><testcase classname="backend.tests.test_unmute_backend.TestQuestions" name="test_feed_filter_subject" time="0.046" /><testcase classname="backend.tests.test_unmute_backend.TestQuestions" name="test_get_question_detail" time="0.047" /><testcase classname="backend.tests.test_unmute_backend.TestQuestions" name="test_questions_mine" time="0.047" /><testcase classname="backend.tests.test_unmute_backend.TestQuestions" name="test_upvote_toggle" time="0.364" /><testcase classname="backend.tests.test_unmute_backend.TestQuestions" name="test_teacher_inbox_filtered_by_subjects" time="0.045" /><testcase classname="backend.tests.test_unmute_backend.TestQuestions" name="test_teacher_answers_question" time="0.093" /><testcase classname="backend.tests.test_unmute_backend.TestQuestions" name="test_flag_question" time="0.975" /><testcase classname="backend.tests.test_unmute_backend.TestRoleGuards" name="test_student_cannot_access_inbox" time="0.045" /><testcase classname="backend.tests.test_unmute_backend.TestRoleGuards" name="test_teacher_cannot_access_mine" time="0.045" /><testcase classname="backend.tests.test_unmute_backend.TestRoleGuards" name="test_teacher_cannot_post_question" time="0.045" /><testcase classname="backend.tests.test_unmute_backend.TestAI" name="test_rewrite" time="3.499" /><testcase classname="backend.tests.test_unmute_backend.TestAI" name="test_auto_answer" time="2.654" /><testcase classname="backend.tests.test_unmute_backend.TestAI" name="test_similar" time="0.048" /><testcase classname="backend.tests.test_unmute_backend.TestStatsBadges" name="test_heatmap" time="0.046" /><testcase classname="backend.tests.test_unmute_backend.TestStatsBadges" name="test_badges_first_question_unlocked" time="0.052" /></testsuite></testsuites>